<?xml version="1.0" encoding="utf-8"?><testsuites name="pytest tests"><testsuite name="pytest" errors="0" failures="0" skipped="0" tests="27" time="3.844" timestamp="2026-06-08T13:42:33.931593+00:00" hostname="agent-env-d84a3350-b560-49bd-a6a3-daba1db8e528"><testcase classname="backend.tests.backend_test.TestStats" name="test_stats_shape" time="0.359" /><testcase classname="backend.tests.backend_test.TestAuth" name="test_register_returns_token_and_user" time="0.276" /><testcase classname="backend.tests.backend_test.TestAuth" name="test_register_duplicate_email" time="0.050" /><testcase classname="backend.tests.backend_test.TestAuth" name="test_login_admin" time="0.275" /><testcase classname="backend.tests.backend_test.TestAuth" name="test_login_invalid" time="0.271" /><testcase classname="backend.tests.backend_test.TestAuth" name="test_me" time="0.056" /><testcase classname="backend.tests.backend_test.TestAuth" name="test_me_unauth" time="0.045" /><testcase classname="backend.tests.backend_test.TestAuth" name="test_forgot_unknown_email" time="0.051" /><testcase classname="backend.tests.backend_test.TestAuth" name="test_forgot_existing_email" time="0.054" /><testcase classname="backend.tests.backend_test.TestLives" name="test_list_lives_default" time="0.048" /><testcase classname="backend.tests.backend_test.TestLives" name="test_view_increment_and_top" time="0.147" /><testcase classname="backend.tests.backend_test.TestLives" name="test_tops_sorted_desc" time="0.055" /><testcase classname="backend.tests.backend_test.TestTokens" name="test_packages" time="0.055" /><testcase classname="backend.tests.backend_test.TestTokens" name="test_purchase" time="0.202" /><testcase classname="backend.tests.backend_test.TestTokens" name="test_send_tokens" time="0.464" /><testcase classname="backend.tests.backend_test.TestTokens" name="test_send_tokens_unknown_nick" time="0.048" /><testcase classname="backend.tests.backend_test.TestTokens" name="test_claim_free_first_and_429" time="0.093" /><testcase classname="backend.tests.backend_test.TestTokens" name="test_next_claim" time="0.051" /><testcase classname="backend.tests.backend_test.TestTagsRanks" name="test_tags_default20" time="0.047" /><testcase classname="backend.tests.backend_test.TestTagsRanks" name="test_ranks" time="0.048" /><testcase classname="backend.tests.backend_test.TestProfile" name="test_update_profile" time="0.105" /><testcase classname="backend.tests.backend_test.TestAdmin" name="test_admin_users_requires_admin" time="0.049" /><testcase classname="backend.tests.backend_test.TestAdmin" name="test_admin_users" time="0.312" /><testcase classname="backend.tests.backend_test.TestAdmin" name="test_ban_unban" time="0.204" /><testcase classname="backend.tests.backend_test.TestAdmin" name="test_assign_tag" time="0.151" /><testcase classname="backend.tests.backend_test.TestChat" name="test_chat_history" time="0.051" /><testcase classname="backend.tests.backend_test.TestWebSocket" name="test_ws_connect_and_send" time="0.207" /></testsuite></testsuites>